2021-03-22 17:33:10,401 - E:\yidong_web\IP_Intelligent_system\base\base.py [line:16] - INFO: 查找元素('css selector', '[name="username"]')
2021-03-22 17:33:10,419 - E:\yidong_web\IP_Intelligent_system\base\base.py [line:49] - INFO: 清空('css selector', '[name="username"]')
2021-03-22 17:33:10,470 - E:\yidong_web\IP_Intelligent_system\base\base.py [line:52] - INFO: 输入('css selector', '[name="username"]')
2021-03-22 17:33:10,621 - E:\yidong_web\IP_Intelligent_system\base\base.py [line:16] - INFO: 查找元素('css selector', '[name="password"]')
2021-03-22 17:33:10,635 - E:\yidong_web\IP_Intelligent_system\base\base.py [line:49] - INFO: 清空('css selector', '[name="password"]')
2021-03-22 17:33:10,682 - E:\yidong_web\IP_Intelligent_system\base\base.py [line:52] - INFO: 输入('css selector', '[name="password"]')
2021-03-22 17:33:10,781 - E:\yidong_web\IP_Intelligent_system\base\base.py [line:41] - INFO: 点击('css selector', 'div button span')
2021-03-22 17:33:10,782 - E:\yidong_web\IP_Intelligent_system\base\base.py [line:16] - INFO: 查找元素('css selector', 'div button span')
2021-03-22 17:33:10,993 - E:\yidong_web\IP_Intelligent_system\base\base.py [line:41] - INFO: 点击('css selector', '[class="menu-icon menu_res"]')
2021-03-22 17:33:10,993 - E:\yidong_web\IP_Intelligent_system\base\base.py [line:16] - INFO: 查找元素('css selector', '[class="menu-icon menu_res"]')
2021-03-22 17:33:12,686 - E:\yidong_web\IP_Intelligent_system\base\base.py [line:41] - INFO: 点击('xpath', '/html/body/div/div[1]/div[2]/ul[2]/li[2]')
2021-03-22 17:33:12,686 - E:\yidong_web\IP_Intelligent_system\base\base.py [line:16] - INFO: 查找元素('xpath', '/html/body/div/div[1]/div[2]/ul[2]/li[2]')
2021-03-22 17:33:12,765 - E:\yidong_web\IP_Intelligent_system\base\base.py [line:57] - INFO: 获取('css selector', '[id="resource/res.html"]')文本
2021-03-22 17:33:12,766 - E:\yidong_web\IP_Intelligent_system\base\base.py [line:16] - INFO: 查找元素('css selector', '[id="resource/res.html"]')
2021-03-22 17:33:12,832 - E:\yidong_web\IP_Intelligent_system\case\test_ziyuan.py [line:28] - INFO: 正在断言
2021-03-22 17:33:12,934 - E:\yidong_web\IP_Intelligent_system\base\base.py [line:16] - INFO: 查找元素('css selector', '[src="resource/res.html"]')
2021-03-22 17:33:16,302 - E:\yidong_web\IP_Intelligent_system\base\base.py [line:41] - INFO: 点击('css selector', 'div [class="vue-treeselect__input"]')
2021-03-22 17:33:16,303 - E:\yidong_web\IP_Intelligent_system\base\base.py [line:16] - INFO: 查找元素('css selector', 'div [class="vue-treeselect__input"]')
2021-03-22 17:33:16,439 - E:\yidong_web\IP_Intelligent_system\base\base.py [line:41] - INFO: 点击('css selector', '[class="vue-treeselect__label"]')
2021-03-22 17:33:16,440 - E:\yidong_web\IP_Intelligent_system\base\base.py [line:16] - INFO: 查找元素('css selector', '[class="vue-treeselect__label"]')
2021-03-22 17:33:46,795 - E:\yidong_web\IP_Intelligent_system\base\base.py [line:21] - ERROR: ('css selector', '[class="vue-treeselect__label"]')元素超时,没有获取到此元素
2021-03-22 17:33:47,278 - E:\yidong_web\IP_Intelligent_system\base\base.py [line:41] - INFO: 点击('css selector', 'div [class="vue-treeselect__input"]')
2021-03-22 17:33:47,278 - E:\yidong_web\IP_Intelligent_system\base\base.py [line:16] - INFO: 查找元素('css selector', 'div [class="vue-treeselect__input"]')
2021-03-22 17:33:47,463 - E:\yidong_web\IP_Intelligent_system\base\base.py [line:41] - INFO: 点击('css selector', '[data-id="NOD9999"] div svg')
2021-03-22 17:33:47,463 - E:\yidong_web\IP_Intelligent_system\base\base.py [line:16] - INFO: 查找元素('css selector', '[data-id="NOD9999"] div svg')
2021-03-22 17:34:17,798 - E:\yidong_web\IP_Intelligent_system\base\base.py [line:21] - ERROR: ('css selector', '[data-id="NOD9999"] div svg')元素超时,没有获取到此元素
2021-03-22 17:34:17,886 - E:\yidong_web\IP_Intelligent_system\base\base.py [line:41] - INFO: 点击('css selector', 'div [class="vue-treeselect__input"]')
2021-03-22 17:34:17,886 - E:\yidong_web\IP_Intelligent_system\base\base.py [line:16] - INFO: 查找元素('css selector', 'div [class="vue-treeselect__input"]')
2021-03-22 17:34:17,993 - E:\yidong_web\IP_Intelligent_system\base\base.py [line:41] - INFO: 点击('css selector', ' [data-id="NOD9999"] [class="vue-treeselect__option-arrow-container"]')
2021-03-22 17:34:17,993 - E:\yidong_web\IP_Intelligent_system\base\base.py [line:16] - INFO: 查找元素('css selector', ' [data-id="NOD9999"] [class="vue-treeselect__option-arrow-container"]')
