2021-03-23 08:57:03,430 - E:\yidong_web\IP_Intelligent_system\base\base.py [line:16] - INFO: 查找元素('css selector', '[name="username"]')
2021-03-23 08:57:03,451 - E:\yidong_web\IP_Intelligent_system\base\base.py [line:49] - INFO: 清空('css selector', '[name="username"]')
2021-03-23 08:57:03,503 - E:\yidong_web\IP_Intelligent_system\base\base.py [line:52] - INFO: 输入('css selector', '[name="username"]')
2021-03-23 08:57:03,593 - E:\yidong_web\IP_Intelligent_system\base\base.py [line:16] - INFO: 查找元素('css selector', '[name="password"]')
2021-03-23 08:57:03,614 - E:\yidong_web\IP_Intelligent_system\base\base.py [line:49] - INFO: 清空('css selector', '[name="password"]')
2021-03-23 08:57:03,660 - E:\yidong_web\IP_Intelligent_system\base\base.py [line:52] - INFO: 输入('css selector', '[name="password"]')
2021-03-23 08:57:03,755 - E:\yidong_web\IP_Intelligent_system\base\base.py [line:41] - INFO: 点击('css selector', 'div button span')
2021-03-23 08:57:03,755 - E:\yidong_web\IP_Intelligent_system\base\base.py [line:16] - INFO: 查找元素('css selector', 'div button span')
2021-03-23 08:57:03,869 - E:\yidong_web\IP_Intelligent_system\base\base.py [line:66] - INFO: 正在截图
2021-03-23 08:57:05,897 - E:\yidong_web\IP_Intelligent_system\base\base.py [line:74] - INFO: 页面截图文件保存在：../yidong_web/IP_Intelligent_system/image/2021_03_23 08_57_03.png
2021-03-23 08:57:05,898 - E:\yidong_web\IP_Intelligent_system\case\test_login.py [line:23] - ERROR: assert 1 == 2
  +1
  -2
2021-03-23 08:57:14,311 - E:\yidong_web\IP_Intelligent_system\base\base.py [line:16] - INFO: 查找元素('css selector', '[name="username"]')
2021-03-23 08:57:14,329 - E:\yidong_web\IP_Intelligent_system\base\base.py [line:49] - INFO: 清空('css selector', '[name="username"]')
2021-03-23 08:57:14,373 - E:\yidong_web\IP_Intelligent_system\base\base.py [line:52] - INFO: 输入('css selector', '[name="username"]')
2021-03-23 08:57:14,470 - E:\yidong_web\IP_Intelligent_system\base\base.py [line:16] - INFO: 查找元素('css selector', '[name="password"]')
2021-03-23 08:57:14,486 - E:\yidong_web\IP_Intelligent_system\base\base.py [line:49] - INFO: 清空('css selector', '[name="password"]')
2021-03-23 08:57:14,531 - E:\yidong_web\IP_Intelligent_system\base\base.py [line:52] - INFO: 输入('css selector', '[name="password"]')
2021-03-23 08:57:14,642 - E:\yidong_web\IP_Intelligent_system\base\base.py [line:41] - INFO: 点击('css selector', 'div button span')
2021-03-23 08:57:14,643 - E:\yidong_web\IP_Intelligent_system\base\base.py [line:16] - INFO: 查找元素('css selector', 'div button span')
2021-03-23 08:57:14,767 - E:\yidong_web\IP_Intelligent_system\base\base.py [line:41] - INFO: 点击('css selector', '[class="menu-icon menu_res"]')
2021-03-23 08:57:14,768 - E:\yidong_web\IP_Intelligent_system\base\base.py [line:16] - INFO: 查找元素('css selector', '[class="menu-icon menu_res"]')
2021-03-23 08:57:16,439 - E:\yidong_web\IP_Intelligent_system\base\base.py [line:41] - INFO: 点击('xpath', '/html/body/div/div[1]/div[2]/ul[2]/li[2]')
2021-03-23 08:57:16,440 - E:\yidong_web\IP_Intelligent_system\base\base.py [line:16] - INFO: 查找元素('xpath', '/html/body/div/div[1]/div[2]/ul[2]/li[2]')
2021-03-23 08:57:16,521 - E:\yidong_web\IP_Intelligent_system\base\base.py [line:57] - INFO: 获取('css selector', '[id="resource/res.html"]')文本
2021-03-23 08:57:16,522 - E:\yidong_web\IP_Intelligent_system\base\base.py [line:16] - INFO: 查找元素('css selector', '[id="resource/res.html"]')
2021-03-23 08:57:16,589 - E:\yidong_web\IP_Intelligent_system\case\test_ziyuan.py [line:28] - INFO: 正在断言
2021-03-23 08:57:16,612 - E:\yidong_web\IP_Intelligent_system\base\base.py [line:16] - INFO: 查找元素('css selector', '[src="resource/res.html"]')
2021-03-23 08:57:19,808 - E:\yidong_web\IP_Intelligent_system\base\base.py [line:41] - INFO: 点击('css selector', 'div [class="vue-treeselect__input"]')
2021-03-23 08:57:19,809 - E:\yidong_web\IP_Intelligent_system\base\base.py [line:16] - INFO: 查找元素('css selector', 'div [class="vue-treeselect__input"]')
2021-03-23 08:57:19,974 - E:\yidong_web\IP_Intelligent_system\base\base.py [line:41] - INFO: 点击('css selector', '[class="vue-treeselect__label"]')
2021-03-23 08:57:19,974 - E:\yidong_web\IP_Intelligent_system\base\base.py [line:16] - INFO: 查找元素('css selector', '[class="vue-treeselect__label"]')
2021-03-23 08:57:29,230 - E:\yidong_web\IP_Intelligent_system\base\base.py [line:21] - ERROR: ('css selector', '[class="vue-treeselect__label"]')元素超时,没有获取到此元素
2021-03-23 08:57:29,309 - E:\yidong_web\IP_Intelligent_system\base\base.py [line:41] - INFO: 点击('css selector', 'div [class="vue-treeselect__input"]')
2021-03-23 08:57:29,310 - E:\yidong_web\IP_Intelligent_system\base\base.py [line:16] - INFO: 查找元素('css selector', 'div [class="vue-treeselect__input"]')
2021-03-23 08:57:29,391 - E:\yidong_web\IP_Intelligent_system\base\base.py [line:41] - INFO: 点击('css selector', '[data-id="NOD9999"] div svg')
2021-03-23 08:57:29,391 - E:\yidong_web\IP_Intelligent_system\base\base.py [line:16] - INFO: 查找元素('css selector', '[data-id="NOD9999"] div svg')
